{"timestamp":"2026-01-27T05:14:50.944337Z","level":"info","event":"DAG bundles loaded: dags-folder, example_dags","logger":"airflow.dag_processing.bundles.manager.DagBundlesManager","filename":"manager.py","lineno":179}
{"timestamp":"2026-01-27T05:14:50.944615Z","level":"info","event":"Filling up the DagBag from /opt/airflow/dags/get_securities_data.py","logger":"airflow.models.dagbag.DagBag","filename":"dagbag.py","lineno":593}
{"timestamp":"2026-01-27T05:14:50.992925Z","level":"warning","event":"Skipping masking for a secret as it's too short (<5 chars)","logger":"airflow._shared.secrets_masker.secrets_masker","filename":"secrets_masker.py","lineno":557}
{"timestamp":"2026-01-27T05:14:51.009242Z","level":"info","event":"Task instance is in running state","logger":"task.stdout"}
{"timestamp":"2026-01-27T05:14:51.009462Z","level":"info","event":" Previous state of the Task instance: TaskInstanceState.QUEUED","logger":"task.stdout"}
{"timestamp":"2026-01-27T05:14:51.009557Z","level":"info","event":"Current task name:t04_snowflake_load.s02_check_loaded_for_dt","logger":"task.stdout"}
{"timestamp":"2026-01-27T05:14:51.009648Z","level":"info","event":"Dag name:polygon_eod_data_downloader_final_v2","logger":"task.stdout"}
{"timestamp":"2026-01-27T05:14:51.009648Z","level":"info","event":"Executing: -- Compute & context\nUSE WAREHOUSE WH_INGEST;\nUSE DATABASE SEC_PRICING;\n\n-- Fail if nothing arrived for the given TRADE_DATE\nSELECT COUNT(*) > 0\nFROM RAW.RAW_EOD_PRICES\nWHERE TRADE_DATE = TO_DATE('2026-01-26')\n","logger":"airflow.task.operators.airflow.providers.common.sql.operators.sql.SQLExecuteQueryOperator","filename":"sql.py","lineno":394}
{"timestamp":"2026-01-27T05:14:51.070830Z","level":"info","event":"Snowflake Connector for Python Version: 4.0.0, Python Version: 3.12.12, Platform: Linux-6.12.54-linuxkit-aarch64-with-glibc2.36","logger":"snowflake.connector.connection","filename":"connection.py","lineno":586}
{"timestamp":"2026-01-27T05:14:51.071107Z","level":"info","event":"Connecting to GLOBAL Snowflake domain","logger":"snowflake.connector.connection","filename":"connection.py","lineno":1629}
{"timestamp":"2026-01-27T05:14:52.439476Z","level":"info","event":"Running statement: -- Compute & context\nUSE WAREHOUSE WH_INGEST;, parameters: None","logger":"airflow.task.hooks.airflow.providers.snowflake.hooks.snowflake.SnowflakeHook","filename":"snowflake.py","lineno":592}
{"timestamp":"2026-01-27T05:14:52.439583Z","level":"info","event":"Running statement: -- Compute & context\nUSE WAREHOUSE WH_INGEST;, parameters: None","logger":"airflow.task.hooks.airflow.providers.snowflake.hooks.snowflake.SnowflakeHook","filename":"sql.py","lineno":802}
{"timestamp":"2026-01-27T05:14:52.513043Z","level":"info","event":"Rows affected: 1","logger":"airflow.task.hooks.airflow.providers.snowflake.hooks.snowflake.SnowflakeHook","filename":"sql.py","lineno":814}
{"timestamp":"2026-01-27T05:14:52.513293Z","level":"info","event":"Rows affected: 1","logger":"airflow.task.hooks.airflow.providers.snowflake.hooks.snowflake.SnowflakeHook","filename":"snowflake.py","lineno":605}
{"timestamp":"2026-01-27T05:14:52.513351Z","level":"info","event":"Snowflake query id: 01c2013a-3203-ae81-0007-131a00021272","logger":"airflow.task.hooks.airflow.providers.snowflake.hooks.snowflake.SnowflakeHook","filename":"snowflake.py","lineno":606}
{"timestamp":"2026-01-27T05:14:52.513396Z","level":"info","event":"Running statement: USE DATABASE SEC_PRICING;, parameters: None","logger":"airflow.task.hooks.airflow.providers.snowflake.hooks.snowflake.SnowflakeHook","filename":"snowflake.py","lineno":592}
{"timestamp":"2026-01-27T05:14:52.513429Z","level":"info","event":"Running statement: USE DATABASE SEC_PRICING;, parameters: None","logger":"airflow.task.hooks.airflow.providers.snowflake.hooks.snowflake.SnowflakeHook","filename":"sql.py","lineno":802}
{"timestamp":"2026-01-27T05:14:52.591103Z","level":"info","event":"Rows affected: 1","logger":"airflow.task.hooks.airflow.providers.snowflake.hooks.snowflake.SnowflakeHook","filename":"sql.py","lineno":814}
{"timestamp":"2026-01-27T05:14:52.591263Z","level":"info","event":"Rows affected: 1","logger":"airflow.task.hooks.airflow.providers.snowflake.hooks.snowflake.SnowflakeHook","filename":"snowflake.py","lineno":605}
{"timestamp":"2026-01-27T05:14:52.591294Z","level":"info","event":"Snowflake query id: 01c2013a-3203-ae0e-0007-131a00020292","logger":"airflow.task.hooks.airflow.providers.snowflake.hooks.snowflake.SnowflakeHook","filename":"snowflake.py","lineno":606}
{"timestamp":"2026-01-27T05:14:52.591313Z","level":"info","event":"Running statement: -- Fail if nothing arrived for the given TRADE_DATE\nSELECT COUNT(*) > 0\nFROM RAW.RAW_EOD_PRICES\nWHERE TRADE_DATE = TO_DATE('2026-01-26'), parameters: None","logger":"airflow.task.hooks.airflow.providers.snowflake.hooks.snowflake.SnowflakeHook","filename":"snowflake.py","lineno":592}
{"timestamp":"2026-01-27T05:14:52.591342Z","level":"info","event":"Running statement: -- Fail if nothing arrived for the given TRADE_DATE\nSELECT COUNT(*) > 0\nFROM RAW.RAW_EOD_PRICES\nWHERE TRADE_DATE = TO_DATE('2026-01-26'), parameters: None","logger":"airflow.task.hooks.airflow.providers.snowflake.hooks.snowflake.SnowflakeHook","filename":"sql.py","lineno":802}
{"timestamp":"2026-01-27T05:14:52.698630Z","level":"info","event":"Rows affected: 1","logger":"airflow.task.hooks.airflow.providers.snowflake.hooks.snowflake.SnowflakeHook","filename":"sql.py","lineno":814}
{"timestamp":"2026-01-27T05:14:52.699191Z","level":"info","event":"Rows affected: 1","logger":"airflow.task.hooks.airflow.providers.snowflake.hooks.snowflake.SnowflakeHook","filename":"snowflake.py","lineno":605}
{"timestamp":"2026-01-27T05:14:52.699262Z","level":"info","event":"Snowflake query id: 01c2013a-3203-ad7c-0007-131a000222b2","logger":"airflow.task.hooks.airflow.providers.snowflake.hooks.snowflake.SnowflakeHook","filename":"snowflake.py","lineno":606}
{"timestamp":"2026-01-27T05:14:52.857210Z","level":"info","event":"Pushing xcom","ti":"RuntimeTaskInstance(id=UUID('019bfde0-1124-77cf-b95f-b6f652a6154e'), task_id='t04_snowflake_load.s02_check_loaded_for_dt', dag_id='polygon_eod_data_downloader_final_v2', run_id='manual__2026-01-27T05:14:37+00:00', try_number=1, dag_version_id=UUID('019bfddb-9a9a-7aa5-9af6-0726ad4a68ce'), map_index=-1, hostname='307d696389df', context_carrier={}, task=<Task(SQLExecuteQueryOperator): t04_snowflake_load.s02_check_loaded_for_dt>, bundle_instance=LocalDagBundle(name=dags-folder), max_tries=3, start_date=datetime.datetime(2026, 1, 27, 5, 14, 50, 807989, tzinfo=datetime.timezone.utc), end_date=None, state=<TaskInstanceState.RUNNING: 'running'>, is_mapped=False, rendered_map_index=None)","logger":"task","filename":"task_runner.py","lineno":1450}
{"timestamp":"2026-01-27T05:14:52.893846Z","level":"info","event":"Task instance in success state","logger":"task.stdout"}
{"timestamp":"2026-01-27T05:14:52.894052Z","level":"info","event":" Previous state of the Task instance: TaskInstanceState.RUNNING","logger":"task.stdout"}
{"timestamp":"2026-01-27T05:14:52.894826Z","level":"info","event":"Task operator:<Task(SQLExecuteQueryOperator): t04_snowflake_load.s02_check_loaded_for_dt>","logger":"task.stdout"}
