{"timestamp":"2026-01-27T03:44:57.958254Z","level":"info","event":"DAG bundles loaded: dags-folder, example_dags","logger":"airflow.dag_processing.bundles.manager.DagBundlesManager","filename":"manager.py","lineno":179}
{"timestamp":"2026-01-27T03:44:57.958639Z","level":"info","event":"Filling up the DagBag from /opt/airflow/dags/get_securities_data.py","logger":"airflow.models.dagbag.DagBag","filename":"dagbag.py","lineno":593}
{"timestamp":"2026-01-27T03:44:58.576963Z","level":"warning","event":"Skipping masking for a secret as it's too short (<5 chars)","logger":"airflow.sdk._shared.secrets_masker.secrets_masker","filename":"secrets_masker.py","lineno":557}
{"timestamp":"2026-01-27T03:44:58.578791Z","level":"warning","event":"Skipping masking for a secret as it's too short (<5 chars)","logger":"airflow._shared.secrets_masker.secrets_masker","filename":"secrets_masker.py","lineno":557}
{"timestamp":"2026-01-27T03:44:58.585189Z","level":"error","event":"Failed to resolve template field 'sql'","logger":"airflow.sdk.definitions._internal.templater","filename":"templater.py","lineno":100,"error_detail":[{"exc_type":"TemplateNotFound","exc_value":"'1. copy_to_raw.sql' not found in search path: '/opt/airflow/dags'","exc_notes":[],"syntax_error":null,"is_cause":false,"frames":[{"filename":"/home/airflow/.local/lib/python3.12/site-packages/airflow/sdk/definitions/_internal/templater.py","lineno":98,"name":"resolve_template_files"},{"filename":"/home/airflow/.local/lib/python3.12/site-packages/jinja2/loaders.py","lineno":209,"name":"get_source"}],"is_group":false,"exceptions":[]}]}
{"timestamp":"2026-01-27T03:44:58.585573Z","level":"error","event":"Failed to resolve template field 'sql'","logger":"airflow.sdk.definitions._internal.templater","filename":"templater.py","lineno":100,"error_detail":[{"exc_type":"TemplateNotFound","exc_value":"'2. check_loaded.sql' not found in search path: '/opt/airflow/dags'","exc_notes":[],"syntax_error":null,"is_cause":false,"frames":[{"filename":"/home/airflow/.local/lib/python3.12/site-packages/airflow/sdk/definitions/_internal/templater.py","lineno":98,"name":"resolve_template_files"},{"filename":"/home/airflow/.local/lib/python3.12/site-packages/jinja2/loaders.py","lineno":209,"name":"get_source"}],"is_group":false,"exceptions":[]}]}
{"timestamp":"2026-01-27T03:44:58.585824Z","level":"error","event":"Failed to resolve template field 'sql'","logger":"airflow.sdk.definitions._internal.templater","filename":"templater.py","lineno":100,"error_detail":[{"exc_type":"TemplateNotFound","exc_value":"'3. premerge_metrics.sql' not found in search path: '/opt/airflow/dags'","exc_notes":[],"syntax_error":null,"is_cause":false,"frames":[{"filename":"/home/airflow/.local/lib/python3.12/site-packages/airflow/sdk/definitions/_internal/templater.py","lineno":98,"name":"resolve_template_files"},{"filename":"/home/airflow/.local/lib/python3.12/site-packages/jinja2/loaders.py","lineno":209,"name":"get_source"}],"is_group":false,"exceptions":[]}]}
{"timestamp":"2026-01-27T03:44:58.608331Z","level":"info","event":"Task instance is in running state","logger":"task.stdout"}
{"timestamp":"2026-01-27T03:44:58.610645Z","level":"info","event":" Previous state of the Task instance: TaskInstanceState.QUEUED","logger":"task.stdout"}
{"timestamp":"2026-01-27T03:44:58.610721Z","level":"info","event":"Current task name:t01_download_to_csv","logger":"task.stdout"}
{"timestamp":"2026-01-27T03:44:58.610775Z","level":"info","event":"Dag name:polygon_eod_data_downloader_final_v2","logger":"task.stdout"}
{"timestamp":"2026-01-27T03:44:58.760345Z","level":"info","event":"[polygon] https://api.polygon.io/v2/aggs/grouped/locale/us/market/stocks/2026-01-26?adjusted=true&include_otc=false&apiKey=*** -> 403","logger":"lib.eod_data_downloader","filename":"eod_data_downloader.py","lineno":39}
{"timestamp":"2026-01-27T03:44:58.760618Z","level":"info","event":"No data for date: 2026-01-26, trying previous day.","logger":"lib.eod_data_downloader","filename":"eod_data_downloader.py","lineno":66}
{"timestamp":"2026-01-27T03:44:58.889825Z","level":"info","event":"[polygon] https://api.polygon.io/v2/aggs/grouped/locale/us/market/stocks/2026-01-25?adjusted=true&include_otc=false&apiKey=*** -> 200","logger":"lib.eod_data_downloader","filename":"eod_data_downloader.py","lineno":39}
{"timestamp":"2026-01-27T03:44:58.890379Z","level":"info","event":"No data for date: 2026-01-25, trying previous day.","logger":"lib.eod_data_downloader","filename":"eod_data_downloader.py","lineno":66}
{"timestamp":"2026-01-27T03:44:59.017545Z","level":"info","event":"[polygon] https://api.polygon.io/v2/aggs/grouped/locale/us/market/stocks/2026-01-24?adjusted=true&include_otc=false&apiKey=*** -> 200","logger":"lib.eod_data_downloader","filename":"eod_data_downloader.py","lineno":39}
{"timestamp":"2026-01-27T03:44:59.018068Z","level":"info","event":"No data for date: 2026-01-24, trying previous day.","logger":"lib.eod_data_downloader","filename":"eod_data_downloader.py","lineno":66}
{"timestamp":"2026-01-27T03:44:59.386358Z","level":"info","event":"[polygon] https://api.polygon.io/v2/aggs/grouped/locale/us/market/stocks/2026-01-23?adjusted=true&include_otc=false&apiKey=*** -> 200","logger":"lib.eod_data_downloader","filename":"eod_data_downloader.py","lineno":39}
{"timestamp":"2026-01-27T03:44:59.409056Z","level":"info","event":"Found valid trading data for date: 2026-01-23","logger":"lib.eod_data_downloader","filename":"eod_data_downloader.py","lineno":46}
{"timestamp":"2026-01-27T03:44:59.458153Z","level":"info","event":"Downloaded EOD data for trading date: 2026-01-23","logger":"unusual_prefix_4ae4c7da3203160fce55fd1a831bc2fd2ee3f78b_get_securities_data","filename":"get_securities_data.py","lineno":53}
{"timestamp":"2026-01-27T03:44:59.458300Z","level":"info","event":"Done. Returned value was: 2026-01-23","logger":"airflow.task.operators.airflow.providers.standard.operators.python.PythonOperator","filename":"python.py","lineno":216}
{"timestamp":"2026-01-27T03:44:59.458502Z","level":"info","event":"Pushing xcom","ti":"RuntimeTaskInstance(id=UUID('019bfd8d-ee53-779b-b502-afe9cf12dbea'), task_id='t01_download_to_csv', dag_id='polygon_eod_data_downloader_final_v2', run_id='manual__2026-01-27T03:44:54+00:00', try_number=1, dag_version_id=UUID('019bfd81-2c89-7702-a213-1bf3931dea70'), map_index=-1, hostname='20e1f71e94f4', context_carrier={}, task=<Task(PythonOperator): t01_download_to_csv>, bundle_instance=LocalDagBundle(name=dags-folder), max_tries=3, start_date=datetime.datetime(2026, 1, 27, 3, 44, 56, 403284, tzinfo=datetime.timezone.utc), end_date=None, state=<TaskInstanceState.RUNNING: 'running'>, is_mapped=False, rendered_map_index=None)","logger":"task","filename":"task_runner.py","lineno":1450}
{"timestamp":"2026-01-27T03:44:59.475424Z","level":"info","event":"Task instance in success state","logger":"task.stdout"}
{"timestamp":"2026-01-27T03:44:59.475885Z","level":"info","event":" Previous state of the Task instance: TaskInstanceState.RUNNING","logger":"task.stdout"}
{"timestamp":"2026-01-27T03:44:59.477650Z","level":"info","event":"Task operator:<Task(PythonOperator): t01_download_to_csv>","logger":"task.stdout"}
