{"timestamp":"2026-01-27T04:02:32.278913Z","level":"info","event":"DAG bundles loaded: dags-folder, example_dags","logger":"airflow.dag_processing.bundles.manager.DagBundlesManager","filename":"manager.py","lineno":179}
{"timestamp":"2026-01-27T04:02:32.279214Z","level":"info","event":"Filling up the DagBag from /opt/airflow/dags/get_securities_data.py","logger":"airflow.models.dagbag.DagBag","filename":"dagbag.py","lineno":593}
{"timestamp":"2026-01-27T04:02:32.395951Z","level":"warning","event":"Skipping masking for a secret as it's too short (<5 chars)","logger":"airflow.sdk._shared.secrets_masker.secrets_masker","filename":"secrets_masker.py","lineno":557}
{"timestamp":"2026-01-27T04:02:32.397035Z","level":"warning","event":"Skipping masking for a secret as it's too short (<5 chars)","logger":"airflow._shared.secrets_masker.secrets_masker","filename":"secrets_masker.py","lineno":557}
{"timestamp":"2026-01-27T04:02:32.419604Z","level":"info","event":"Task instance is in running state","logger":"task.stdout"}
{"timestamp":"2026-01-27T04:02:32.419733Z","level":"info","event":" Previous state of the Task instance: TaskInstanceState.QUEUED","logger":"task.stdout"}
{"timestamp":"2026-01-27T04:02:32.419960Z","level":"info","event":"Current task name:t04_snowflake_load.s02_check_eod_prices_exist","logger":"task.stdout"}
{"timestamp":"2026-01-27T04:02:32.420057Z","level":"info","event":"Dag name:polygon_eod_data_downloader_final_v2","logger":"task.stdout"}
{"timestamp":"2026-01-27T04:02:32.420058Z","level":"info","event":"Executing SQL check: -- Compute & context\nUSE WAREHOUSE WH_INGEST;\nUSE DATABASE SEC_PRICING;\n\n-- Fail if nothing arrived for the given TRADE_DATE\nSELECT COUNT(*) > 0\nFROM RAW.RAW_EOD_PRICES\nWHERE TRADE_DATE = TO_DATE('2026-01-23')\n","logger":"airflow.task.operators.airflow.providers.snowflake.operators.snowflake.SnowflakeCheckOperator","filename":"sql.py","lineno":844}
{"timestamp":"2026-01-27T04:02:32.428950Z","level":"info","event":"Snowflake Connector for Python Version: 4.0.0, Python Version: 3.12.12, Platform: Linux-6.12.54-linuxkit-aarch64-with-glibc2.36","logger":"snowflake.connector.connection","filename":"connection.py","lineno":586}
{"timestamp":"2026-01-27T04:02:32.429189Z","level":"info","event":"Connecting to GLOBAL Snowflake domain","logger":"snowflake.connector.connection","filename":"connection.py","lineno":1629}
{"timestamp":"2026-01-27T04:02:36.526179Z","level":"info","event":"Running statement: -- Compute & context\nUSE WAREHOUSE WH_INGEST;, parameters: None","logger":"airflow.task.hooks.airflow.providers.snowflake.hooks.snowflake.SnowflakeHook","filename":"snowflake.py","lineno":592}
{"timestamp":"2026-01-27T04:02:36.526472Z","level":"info","event":"Running statement: -- Compute & context\nUSE WAREHOUSE WH_INGEST;, parameters: None","logger":"airflow.task.hooks.airflow.providers.snowflake.hooks.snowflake.SnowflakeHook","filename":"sql.py","lineno":802}
{"timestamp":"2026-01-27T04:02:37.330430Z","level":"info","event":"Rows affected: 1","logger":"airflow.task.hooks.airflow.providers.snowflake.hooks.snowflake.SnowflakeHook","filename":"sql.py","lineno":814}
{"timestamp":"2026-01-27T04:02:37.330626Z","level":"info","event":"Rows affected: 1","logger":"airflow.task.hooks.airflow.providers.snowflake.hooks.snowflake.SnowflakeHook","filename":"snowflake.py","lineno":605}
{"timestamp":"2026-01-27T04:02:37.330689Z","level":"info","event":"Snowflake query id: 01c200f2-3203-ad7c-0007-131a0002200a","logger":"airflow.task.hooks.airflow.providers.snowflake.hooks.snowflake.SnowflakeHook","filename":"snowflake.py","lineno":606}
{"timestamp":"2026-01-27T04:02:37.330749Z","level":"info","event":"Running statement: USE DATABASE SEC_PRICING;, parameters: None","logger":"airflow.task.hooks.airflow.providers.snowflake.hooks.snowflake.SnowflakeHook","filename":"snowflake.py","lineno":592}
{"timestamp":"2026-01-27T04:02:37.330786Z","level":"info","event":"Running statement: USE DATABASE SEC_PRICING;, parameters: None","logger":"airflow.task.hooks.airflow.providers.snowflake.hooks.snowflake.SnowflakeHook","filename":"sql.py","lineno":802}
{"timestamp":"2026-01-27T04:02:37.466451Z","level":"info","event":"Rows affected: 1","logger":"airflow.task.hooks.airflow.providers.snowflake.hooks.snowflake.SnowflakeHook","filename":"sql.py","lineno":814}
{"timestamp":"2026-01-27T04:02:37.466547Z","level":"info","event":"Rows affected: 1","logger":"airflow.task.hooks.airflow.providers.snowflake.hooks.snowflake.SnowflakeHook","filename":"snowflake.py","lineno":605}
{"timestamp":"2026-01-27T04:02:37.466566Z","level":"info","event":"Snowflake query id: 01c200f2-3203-ad64-0007-131a00023006","logger":"airflow.task.hooks.airflow.providers.snowflake.hooks.snowflake.SnowflakeHook","filename":"snowflake.py","lineno":606}
{"timestamp":"2026-01-27T04:02:37.466580Z","level":"info","event":"Running statement: -- Fail if nothing arrived for the given TRADE_DATE\nSELECT COUNT(*) > 0\nFROM RAW.RAW_EOD_PRICES\nWHERE TRADE_DATE = TO_DATE('2026-01-23'), parameters: None","logger":"airflow.task.hooks.airflow.providers.snowflake.hooks.snowflake.SnowflakeHook","filename":"snowflake.py","lineno":592}
{"timestamp":"2026-01-27T04:02:37.466593Z","level":"info","event":"Running statement: -- Fail if nothing arrived for the given TRADE_DATE\nSELECT COUNT(*) > 0\nFROM RAW.RAW_EOD_PRICES\nWHERE TRADE_DATE = TO_DATE('2026-01-23'), parameters: None","logger":"airflow.task.hooks.airflow.providers.snowflake.hooks.snowflake.SnowflakeHook","filename":"sql.py","lineno":802}
{"timestamp":"2026-01-27T04:02:38.251231Z","level":"info","event":"Rows affected: 1","logger":"airflow.task.hooks.airflow.providers.snowflake.hooks.snowflake.SnowflakeHook","filename":"sql.py","lineno":814}
{"timestamp":"2026-01-27T04:02:38.251534Z","level":"info","event":"Rows affected: 1","logger":"airflow.task.hooks.airflow.providers.snowflake.hooks.snowflake.SnowflakeHook","filename":"snowflake.py","lineno":605}
{"timestamp":"2026-01-27T04:02:38.251567Z","level":"info","event":"Snowflake query id: 01c200f2-3203-ae81-0007-131a0002100e","logger":"airflow.task.hooks.airflow.providers.snowflake.hooks.snowflake.SnowflakeHook","filename":"snowflake.py","lineno":606}
{"timestamp":"2026-01-27T04:02:38.413861Z","level":"info","event":"Record: (False,)","logger":"airflow.task.operators.airflow.providers.snowflake.operators.snowflake.SnowflakeCheckOperator","filename":"sql.py","lineno":847}
{"timestamp":"2026-01-27T04:02:38.414027Z","level":"error","event":"Task failed with exception","logger":"task","filename":"task_runner.py","lineno":1056,"error_detail":[{"exc_type":"AirflowException","exc_value":"Test failed.\nQuery:\n-- Compute & context\nUSE WAREHOUSE WH_INGEST;\nUSE DATABASE SEC_PRICING;\n\n-- Fail if nothing arrived for the given TRADE_DATE\nSELECT COUNT(*) > 0\nFROM RAW.RAW_EOD_PRICES\nWHERE TRADE_DATE = TO_DATE('2026-01-23')\n\nResults:\n(False,)","exc_notes":[],"syntax_error":null,"is_cause":false,"frames":[{"filename":"/home/airflow/.local/lib/python3.12/site-packages/airflow/sdk/execution_time/task_runner.py","lineno":1004,"name":"run"},{"filename":"/home/airflow/.local/lib/python3.12/site-packages/airflow/sdk/execution_time/task_runner.py","lineno":1405,"name":"_execute_task"},{"filename":"/home/airflow/.local/lib/python3.12/site-packages/airflow/sdk/bases/operator.py","lineno":417,"name":"wrapper"},{"filename":"/home/airflow/.local/lib/python3.12/site-packages/airflow/providers/common/sql/operators/sql.py","lineno":853,"name":"execute"},{"filename":"/home/airflow/.local/lib/python3.12/site-packages/airflow/providers/common/sql/operators/sql.py","lineno":213,"name":"_raise_exception"}],"is_group":false,"exceptions":[]}]}
{"timestamp":"2026-01-27T04:02:38.428319Z","level":"info","event":"Task instance in failure state","logger":"task.stdout"}
{"timestamp":"2026-01-27T04:02:38.428760Z","level":"info","event":"Task start","logger":"task.stdout"}
{"timestamp":"2026-01-27T04:02:38.428845Z","level":"info","event":"Task:<Task(SnowflakeCheckOperator): t04_snowflake_load.s02_check_eod_prices_exist>","logger":"task.stdout"}
{"timestamp":"2026-01-27T04:02:38.428933Z","level":"info","event":"Failure caused by Test failed.","logger":"task.stdout"}
{"timestamp":"2026-01-27T04:02:38.429041Z","level":"info","event":"Query:","logger":"task.stdout"}
{"timestamp":"2026-01-27T04:02:38.429107Z","level":"info","event":"-- Compute & context","logger":"task.stdout"}
{"timestamp":"2026-01-27T04:02:38.429168Z","level":"info","event":"USE WAREHOUSE WH_INGEST;","logger":"task.stdout"}
{"timestamp":"2026-01-27T04:02:38.429219Z","level":"info","event":"USE DATABASE SEC_PRICING;","logger":"task.stdout"}
{"timestamp":"2026-01-27T04:02:38.429270Z","level":"info","event":"","logger":"task.stdout"}
{"timestamp":"2026-01-27T04:02:38.429318Z","level":"info","event":"-- Fail if nothing arrived for the given TRADE_DATE","logger":"task.stdout"}
{"timestamp":"2026-01-27T04:02:38.429369Z","level":"info","event":"SELECT COUNT(*) > 0","logger":"task.stdout"}
{"timestamp":"2026-01-27T04:02:38.429431Z","level":"info","event":"FROM RAW.RAW_EOD_PRICES","logger":"task.stdout"}
{"timestamp":"2026-01-27T04:02:38.429486Z","level":"info","event":"WHERE TRADE_DATE = TO_DATE('2026-01-23')","logger":"task.stdout"}
{"timestamp":"2026-01-27T04:02:38.429541Z","level":"info","event":"","logger":"task.stdout"}
{"timestamp":"2026-01-27T04:02:38.429594Z","level":"info","event":"Results:","logger":"task.stdout"}
{"timestamp":"2026-01-27T04:02:38.429648Z","level":"info","event":"(False,)","logger":"task.stdout"}
