{"timestamp":"2026-01-27T12:19:27.665804Z","level":"info","event":"DAG bundles loaded: dags-folder, example_dags","logger":"airflow.dag_processing.bundles.manager.DagBundlesManager","filename":"manager.py","lineno":179}
{"timestamp":"2026-01-27T12:19:27.666075Z","level":"info","event":"Filling up the DagBag from /opt/airflow/dags/get_securities_data.py","logger":"airflow.models.dagbag.DagBag","filename":"dagbag.py","lineno":593}
{"timestamp":"2026-01-27T12:19:27.711018Z","level":"warning","event":"Skipping masking for a secret as it's too short (<5 chars)","logger":"airflow._shared.secrets_masker.secrets_masker","filename":"secrets_masker.py","lineno":557}
{"timestamp":"2026-01-27T12:19:27.729644Z","level":"info","event":"Task instance is in running state","logger":"task.stdout"}
{"timestamp":"2026-01-27T12:19:27.729759Z","level":"info","event":" Previous state of the Task instance: TaskInstanceState.QUEUED","logger":"task.stdout"}
{"timestamp":"2026-01-27T12:19:27.729826Z","level":"info","event":"Current task name:t04_snowflake_load.s02_check_loaded_for_dt","logger":"task.stdout"}
{"timestamp":"2026-01-27T12:19:27.729873Z","level":"info","event":"Dag name:polygon_eod_data_downloader_final_v2","logger":"task.stdout"}
{"timestamp":"2026-01-27T12:19:27.727006Z","level":"info","event":"Executing: -- Compute & context\nUSE WAREHOUSE WH_INGEST;\nUSE DATABASE SEC_PRICING;\n\n-- Fail if nothing arrived for the given TRADE_DATE\nSELECT COUNT(*) > 0\nFROM RAW.RAW_EOD_PRICES\nWHERE TRADE_DATE = TO_DATE('2026-01-26')\n","logger":"airflow.task.operators.airflow.providers.common.sql.operators.sql.SQLExecuteQueryOperator","filename":"sql.py","lineno":394}
{"timestamp":"2026-01-27T12:19:27.778607Z","level":"info","event":"Snowflake Connector for Python Version: 4.0.0, Python Version: 3.12.12, Platform: Linux-6.12.54-linuxkit-aarch64-with-glibc2.36","logger":"snowflake.connector.connection","filename":"connection.py","lineno":586}
{"timestamp":"2026-01-27T12:19:27.778924Z","level":"info","event":"Connecting to GLOBAL Snowflake domain","logger":"snowflake.connector.connection","filename":"connection.py","lineno":1629}
{"timestamp":"2026-01-27T12:19:29.573911Z","level":"info","event":"Running statement: -- Compute & context\nUSE WAREHOUSE WH_INGEST;, parameters: None","logger":"airflow.task.hooks.airflow.providers.snowflake.hooks.snowflake.SnowflakeHook","filename":"snowflake.py","lineno":592}
{"timestamp":"2026-01-27T12:19:29.574461Z","level":"info","event":"Running statement: -- Compute & context\nUSE WAREHOUSE WH_INGEST;, parameters: None","logger":"airflow.task.hooks.airflow.providers.snowflake.hooks.snowflake.SnowflakeHook","filename":"sql.py","lineno":802}
{"timestamp":"2026-01-27T12:19:29.649496Z","level":"info","event":"Rows affected: 1","logger":"airflow.task.hooks.airflow.providers.snowflake.hooks.snowflake.SnowflakeHook","filename":"sql.py","lineno":814}
{"timestamp":"2026-01-27T12:19:29.649827Z","level":"info","event":"Rows affected: 1","logger":"airflow.task.hooks.airflow.providers.snowflake.hooks.snowflake.SnowflakeHook","filename":"snowflake.py","lineno":605}
{"timestamp":"2026-01-27T12:19:29.649922Z","level":"info","event":"Snowflake query id: 01c202e3-3203-ad64-0007-131a0002341e","logger":"airflow.task.hooks.airflow.providers.snowflake.hooks.snowflake.SnowflakeHook","filename":"snowflake.py","lineno":606}
{"timestamp":"2026-01-27T12:19:29.650072Z","level":"info","event":"Running statement: USE DATABASE SEC_PRICING;, parameters: None","logger":"airflow.task.hooks.airflow.providers.snowflake.hooks.snowflake.SnowflakeHook","filename":"snowflake.py","lineno":592}
{"timestamp":"2026-01-27T12:19:29.650156Z","level":"info","event":"Running statement: USE DATABASE SEC_PRICING;, parameters: None","logger":"airflow.task.hooks.airflow.providers.snowflake.hooks.snowflake.SnowflakeHook","filename":"sql.py","lineno":802}
{"timestamp":"2026-01-27T12:19:29.739545Z","level":"info","event":"Rows affected: 1","logger":"airflow.task.hooks.airflow.providers.snowflake.hooks.snowflake.SnowflakeHook","filename":"sql.py","lineno":814}
{"timestamp":"2026-01-27T12:19:29.740250Z","level":"info","event":"Rows affected: 1","logger":"airflow.task.hooks.airflow.providers.snowflake.hooks.snowflake.SnowflakeHook","filename":"snowflake.py","lineno":605}
{"timestamp":"2026-01-27T12:19:29.740407Z","level":"info","event":"Snowflake query id: 01c202e3-3203-ae0e-0007-131a00020342","logger":"airflow.task.hooks.airflow.providers.snowflake.hooks.snowflake.SnowflakeHook","filename":"snowflake.py","lineno":606}
{"timestamp":"2026-01-27T12:19:29.740466Z","level":"info","event":"Running statement: -- Fail if nothing arrived for the given TRADE_DATE\nSELECT COUNT(*) > 0\nFROM RAW.RAW_EOD_PRICES\nWHERE TRADE_DATE = TO_DATE('2026-01-26'), parameters: None","logger":"airflow.task.hooks.airflow.providers.snowflake.hooks.snowflake.SnowflakeHook","filename":"snowflake.py","lineno":592}
{"timestamp":"2026-01-27T12:19:29.740500Z","level":"info","event":"Running statement: -- Fail if nothing arrived for the given TRADE_DATE\nSELECT COUNT(*) > 0\nFROM RAW.RAW_EOD_PRICES\nWHERE TRADE_DATE = TO_DATE('2026-01-26'), parameters: None","logger":"airflow.task.hooks.airflow.providers.snowflake.hooks.snowflake.SnowflakeHook","filename":"sql.py","lineno":802}
{"timestamp":"2026-01-27T12:19:29.941571Z","level":"info","event":"Rows affected: 1","logger":"airflow.task.hooks.airflow.providers.snowflake.hooks.snowflake.SnowflakeHook","filename":"sql.py","lineno":814}
{"timestamp":"2026-01-27T12:19:29.943120Z","level":"info","event":"Rows affected: 1","logger":"airflow.task.hooks.airflow.providers.snowflake.hooks.snowflake.SnowflakeHook","filename":"snowflake.py","lineno":605}
{"timestamp":"2026-01-27T12:19:29.943195Z","level":"info","event":"Snowflake query id: 01c202e3-3203-ad7c-0007-131a0002236a","logger":"airflow.task.hooks.airflow.providers.snowflake.hooks.snowflake.SnowflakeHook","filename":"snowflake.py","lineno":606}
{"timestamp":"2026-01-27T12:19:30.107001Z","level":"info","event":"Pushing xcom","ti":"RuntimeTaskInstance(id=UUID('019bff64-c53c-71c3-b420-5130420d887c'), task_id='t04_snowflake_load.s02_check_loaded_for_dt', dag_id='polygon_eod_data_downloader_final_v2', run_id='manual__2026-01-27T12:19:11+00:00', try_number=1, dag_version_id=UUID('019bff63-a308-7a2a-9282-59108d566dd9'), map_index=-1, hostname='0e6a5d6687c0', context_carrier={}, task=<Task(SQLExecuteQueryOperator): t04_snowflake_load.s02_check_loaded_for_dt>, bundle_instance=LocalDagBundle(name=dags-folder), max_tries=3, start_date=datetime.datetime(2026, 1, 27, 12, 19, 27, 525007, tzinfo=datetime.timezone.utc), end_date=None, state=<TaskInstanceState.RUNNING: 'running'>, is_mapped=False, rendered_map_index=None)","logger":"task","filename":"task_runner.py","lineno":1450}
{"timestamp":"2026-01-27T12:19:30.146110Z","level":"info","event":"Task instance in success state","logger":"task.stdout"}
{"timestamp":"2026-01-27T12:19:30.146849Z","level":"info","event":" Previous state of the Task instance: TaskInstanceState.RUNNING","logger":"task.stdout"}
{"timestamp":"2026-01-27T12:19:30.147894Z","level":"info","event":"Task operator:<Task(SQLExecuteQueryOperator): t04_snowflake_load.s02_check_loaded_for_dt>","logger":"task.stdout"}
