{"timestamp":"2026-01-27T05:11:35.376536Z","level":"info","event":"DAG bundles loaded: dags-folder, example_dags","logger":"airflow.dag_processing.bundles.manager.DagBundlesManager","filename":"manager.py","lineno":179}
{"timestamp":"2026-01-27T05:11:35.376821Z","level":"info","event":"Filling up the DagBag from /opt/airflow/dags/get_securities_data.py","logger":"airflow.models.dagbag.DagBag","filename":"dagbag.py","lineno":593}
{"timestamp":"2026-01-27T05:11:35.424370Z","level":"warning","event":"Skipping masking for a secret as it's too short (<5 chars)","logger":"airflow.sdk._shared.secrets_masker.secrets_masker","filename":"secrets_masker.py","lineno":557}
{"timestamp":"2026-01-27T05:11:35.425320Z","level":"warning","event":"Skipping masking for a secret as it's too short (<5 chars)","logger":"airflow._shared.secrets_masker.secrets_masker","filename":"secrets_masker.py","lineno":557}
{"timestamp":"2026-01-27T05:11:35.447198Z","level":"info","event":"Task instance is in running state","logger":"task.stdout"}
{"timestamp":"2026-01-27T05:11:35.447311Z","level":"info","event":" Previous state of the Task instance: TaskInstanceState.QUEUED","logger":"task.stdout"}
{"timestamp":"2026-01-27T05:11:35.447559Z","level":"info","event":"Current task name:t04_snowflake_load.s02_check_loaded_for_dt","logger":"task.stdout"}
{"timestamp":"2026-01-27T05:11:35.447622Z","level":"info","event":"Dag name:polygon_eod_data_downloader_final_v2","logger":"task.stdout"}
{"timestamp":"2026-01-27T05:11:35.447679Z","level":"info","event":"Executing: -- Compute & context\nUSE WAREHOUSE WH_INGEST;\nUSE DATABASE SEC_PRICING;\n\n-- Fail if nothing arrived for the given TRADE_DATE\nSELECT COUNT(*) > 0\nFROM RAW.RAW_EOD_PRICES\nWHERE TRADE_DATE = TO_DATE('2026-01-26')\n","logger":"airflow.task.operators.airflow.providers.common.sql.operators.sql.SQLExecuteQueryOperator","filename":"sql.py","lineno":394}
{"timestamp":"2026-01-27T05:11:35.505377Z","level":"info","event":"Snowflake Connector for Python Version: 4.0.0, Python Version: 3.12.12, Platform: Linux-6.12.54-linuxkit-aarch64-with-glibc2.36","logger":"snowflake.connector.connection","filename":"connection.py","lineno":586}
{"timestamp":"2026-01-27T05:11:35.505592Z","level":"info","event":"Connecting to GLOBAL Snowflake domain","logger":"snowflake.connector.connection","filename":"connection.py","lineno":1629}
{"timestamp":"2026-01-27T05:11:36.079139Z","level":"info","event":"Running statement: -- Compute & context\nUSE WAREHOUSE WH_INGEST;, parameters: None","logger":"airflow.task.hooks.airflow.providers.snowflake.hooks.snowflake.SnowflakeHook","filename":"snowflake.py","lineno":592}
{"timestamp":"2026-01-27T05:11:36.079235Z","level":"info","event":"Running statement: -- Compute & context\nUSE WAREHOUSE WH_INGEST;, parameters: None","logger":"airflow.task.hooks.airflow.providers.snowflake.hooks.snowflake.SnowflakeHook","filename":"sql.py","lineno":802}
{"timestamp":"2026-01-27T05:11:36.163693Z","level":"info","event":"Rows affected: 1","logger":"airflow.task.hooks.airflow.providers.snowflake.hooks.snowflake.SnowflakeHook","filename":"sql.py","lineno":814}
{"timestamp":"2026-01-27T05:11:36.164054Z","level":"info","event":"Rows affected: 1","logger":"airflow.task.hooks.airflow.providers.snowflake.hooks.snowflake.SnowflakeHook","filename":"snowflake.py","lineno":605}
{"timestamp":"2026-01-27T05:11:36.164133Z","level":"info","event":"Snowflake query id: 01c20137-3203-ad7c-0007-131a0002228a","logger":"airflow.task.hooks.airflow.providers.snowflake.hooks.snowflake.SnowflakeHook","filename":"snowflake.py","lineno":606}
{"timestamp":"2026-01-27T05:11:36.164179Z","level":"info","event":"Running statement: USE DATABASE SEC_PRICING;, parameters: None","logger":"airflow.task.hooks.airflow.providers.snowflake.hooks.snowflake.SnowflakeHook","filename":"snowflake.py","lineno":592}
{"timestamp":"2026-01-27T05:11:36.164215Z","level":"info","event":"Running statement: USE DATABASE SEC_PRICING;, parameters: None","logger":"airflow.task.hooks.airflow.providers.snowflake.hooks.snowflake.SnowflakeHook","filename":"sql.py","lineno":802}
{"timestamp":"2026-01-27T05:11:36.241321Z","level":"info","event":"Rows affected: 1","logger":"airflow.task.hooks.airflow.providers.snowflake.hooks.snowflake.SnowflakeHook","filename":"sql.py","lineno":814}
{"timestamp":"2026-01-27T05:11:36.241484Z","level":"info","event":"Rows affected: 1","logger":"airflow.task.hooks.airflow.providers.snowflake.hooks.snowflake.SnowflakeHook","filename":"snowflake.py","lineno":605}
{"timestamp":"2026-01-27T05:11:36.241515Z","level":"info","event":"Snowflake query id: 01c20137-3203-ae81-0007-131a00021242","logger":"airflow.task.hooks.airflow.providers.snowflake.hooks.snowflake.SnowflakeHook","filename":"snowflake.py","lineno":606}
{"timestamp":"2026-01-27T05:11:36.241539Z","level":"info","event":"Running statement: -- Fail if nothing arrived for the given TRADE_DATE\nSELECT COUNT(*) > 0\nFROM RAW.RAW_EOD_PRICES\nWHERE TRADE_DATE = TO_DATE('2026-01-26'), parameters: None","logger":"airflow.task.hooks.airflow.providers.snowflake.hooks.snowflake.SnowflakeHook","filename":"snowflake.py","lineno":592}
{"timestamp":"2026-01-27T05:11:36.241559Z","level":"info","event":"Running statement: -- Fail if nothing arrived for the given TRADE_DATE\nSELECT COUNT(*) > 0\nFROM RAW.RAW_EOD_PRICES\nWHERE TRADE_DATE = TO_DATE('2026-01-26'), parameters: None","logger":"airflow.task.hooks.airflow.providers.snowflake.hooks.snowflake.SnowflakeHook","filename":"sql.py","lineno":802}
{"timestamp":"2026-01-27T05:11:36.458677Z","level":"info","event":"Rows affected: 1","logger":"airflow.task.hooks.airflow.providers.snowflake.hooks.snowflake.SnowflakeHook","filename":"sql.py","lineno":814}
{"timestamp":"2026-01-27T05:11:36.459723Z","level":"info","event":"Rows affected: 1","logger":"airflow.task.hooks.airflow.providers.snowflake.hooks.snowflake.SnowflakeHook","filename":"snowflake.py","lineno":605}
{"timestamp":"2026-01-27T05:11:36.459829Z","level":"info","event":"Snowflake query id: 01c20137-3203-ad64-0007-131a00023262","logger":"airflow.task.hooks.airflow.providers.snowflake.hooks.snowflake.SnowflakeHook","filename":"snowflake.py","lineno":606}
{"timestamp":"2026-01-27T05:11:36.842276Z","level":"info","event":"Pushing xcom","ti":"RuntimeTaskInstance(id=UUID('019bfddd-108f-783a-b668-a9a6ebd7d78e'), task_id='t04_snowflake_load.s02_check_loaded_for_dt', dag_id='polygon_eod_data_downloader_final_v2', run_id='manual__2026-01-27T05:11:20+00:00', try_number=1, dag_version_id=UUID('019bfddb-9a9a-7aa5-9af6-0726ad4a68ce'), map_index=-1, hostname='307d696389df', context_carrier={}, task=<Task(SQLExecuteQueryOperator): t04_snowflake_load.s02_check_loaded_for_dt>, bundle_instance=LocalDagBundle(name=dags-folder), max_tries=3, start_date=datetime.datetime(2026, 1, 27, 5, 11, 35, 214190, tzinfo=datetime.timezone.utc), end_date=None, state=<TaskInstanceState.RUNNING: 'running'>, is_mapped=False, rendered_map_index=None)","logger":"task","filename":"task_runner.py","lineno":1450}
{"timestamp":"2026-01-27T05:11:36.878363Z","level":"info","event":"Task instance in success state","logger":"task.stdout"}
{"timestamp":"2026-01-27T05:11:36.878546Z","level":"info","event":" Previous state of the Task instance: TaskInstanceState.RUNNING","logger":"task.stdout"}
{"timestamp":"2026-01-27T05:11:36.879074Z","level":"info","event":"Task operator:<Task(SQLExecuteQueryOperator): t04_snowflake_load.s02_check_loaded_for_dt>","logger":"task.stdout"}
