{"timestamp":"2026-01-27T04:06:26.512496Z","level":"info","event":"DAG bundles loaded: dags-folder, example_dags","logger":"airflow.dag_processing.bundles.manager.DagBundlesManager","filename":"manager.py","lineno":179}
{"timestamp":"2026-01-27T04:06:26.513257Z","level":"info","event":"Filling up the DagBag from /opt/airflow/dags/get_securities_data.py","logger":"airflow.models.dagbag.DagBag","filename":"dagbag.py","lineno":593}
{"timestamp":"2026-01-27T04:06:26.646958Z","level":"warning","event":"Skipping masking for a secret as it's too short (<5 chars)","logger":"airflow._shared.secrets_masker.secrets_masker","filename":"secrets_masker.py","lineno":557}
{"timestamp":"2026-01-27T04:06:26.714502Z","level":"info","event":"Task instance is in running state","logger":"task.stdout"}
{"timestamp":"2026-01-27T04:06:26.714781Z","level":"info","event":" Previous state of the Task instance: TaskInstanceState.QUEUED","logger":"task.stdout"}
{"timestamp":"2026-01-27T04:06:26.715258Z","level":"info","event":"Current task name:t04_snowflake_load.s02_check_eod_prices_exist","logger":"task.stdout"}
{"timestamp":"2026-01-27T04:06:26.715357Z","level":"info","event":"Dag name:polygon_eod_data_downloader_final_v2","logger":"task.stdout"}
{"timestamp":"2026-01-27T04:06:26.715407Z","level":"info","event":"Executing SQL check: -- Compute & context\nUSE WAREHOUSE WH_INGEST;\nUSE DATABASE SEC_PRICING;\n\n-- Fail if nothing arrived for the given TRADE_DATE\nSELECT COUNT(*) > 0\nFROM RAW.RAW_EOD_PRICES\nWHERE TRADE_DATE = TO_DATE('2026-01-23')\n","logger":"airflow.task.operators.airflow.providers.snowflake.operators.snowflake.SnowflakeCheckOperator","filename":"sql.py","lineno":844}
{"timestamp":"2026-01-27T04:06:26.730795Z","level":"info","event":"Snowflake Connector for Python Version: 4.0.0, Python Version: 3.12.12, Platform: Linux-6.12.54-linuxkit-aarch64-with-glibc2.36","logger":"snowflake.connector.connection","filename":"connection.py","lineno":586}
{"timestamp":"2026-01-27T04:06:26.731325Z","level":"info","event":"Connecting to GLOBAL Snowflake domain","logger":"snowflake.connector.connection","filename":"connection.py","lineno":1629}
{"timestamp":"2026-01-27T04:06:29.664927Z","level":"info","event":"Running statement: -- Compute & context\nUSE WAREHOUSE WH_INGEST;, parameters: None","logger":"airflow.task.hooks.airflow.providers.snowflake.hooks.snowflake.SnowflakeHook","filename":"snowflake.py","lineno":592}
{"timestamp":"2026-01-27T04:06:29.665094Z","level":"info","event":"Running statement: -- Compute & context\nUSE WAREHOUSE WH_INGEST;, parameters: None","logger":"airflow.task.hooks.airflow.providers.snowflake.hooks.snowflake.SnowflakeHook","filename":"sql.py","lineno":802}
{"timestamp":"2026-01-27T04:06:29.750858Z","level":"info","event":"Rows affected: 1","logger":"airflow.task.hooks.airflow.providers.snowflake.hooks.snowflake.SnowflakeHook","filename":"sql.py","lineno":814}
{"timestamp":"2026-01-27T04:06:29.751031Z","level":"info","event":"Rows affected: 1","logger":"airflow.task.hooks.airflow.providers.snowflake.hooks.snowflake.SnowflakeHook","filename":"snowflake.py","lineno":605}
{"timestamp":"2026-01-27T04:06:29.751071Z","level":"info","event":"Snowflake query id: 01c200f6-3203-ae0e-0007-131a00020052","logger":"airflow.task.hooks.airflow.providers.snowflake.hooks.snowflake.SnowflakeHook","filename":"snowflake.py","lineno":606}
{"timestamp":"2026-01-27T04:06:29.751099Z","level":"info","event":"Running statement: USE DATABASE SEC_PRICING;, parameters: None","logger":"airflow.task.hooks.airflow.providers.snowflake.hooks.snowflake.SnowflakeHook","filename":"snowflake.py","lineno":592}
{"timestamp":"2026-01-27T04:06:29.751119Z","level":"info","event":"Running statement: USE DATABASE SEC_PRICING;, parameters: None","logger":"airflow.task.hooks.airflow.providers.snowflake.hooks.snowflake.SnowflakeHook","filename":"sql.py","lineno":802}
{"timestamp":"2026-01-27T04:06:29.834003Z","level":"info","event":"Rows affected: 1","logger":"airflow.task.hooks.airflow.providers.snowflake.hooks.snowflake.SnowflakeHook","filename":"sql.py","lineno":814}
{"timestamp":"2026-01-27T04:06:29.834113Z","level":"info","event":"Rows affected: 1","logger":"airflow.task.hooks.airflow.providers.snowflake.hooks.snowflake.SnowflakeHook","filename":"snowflake.py","lineno":605}
{"timestamp":"2026-01-27T04:06:29.834139Z","level":"info","event":"Snowflake query id: 01c200f6-3203-ad7c-0007-131a00022022","logger":"airflow.task.hooks.airflow.providers.snowflake.hooks.snowflake.SnowflakeHook","filename":"snowflake.py","lineno":606}
{"timestamp":"2026-01-27T04:06:29.834154Z","level":"info","event":"Running statement: -- Fail if nothing arrived for the given TRADE_DATE\nSELECT COUNT(*) > 0\nFROM RAW.RAW_EOD_PRICES\nWHERE TRADE_DATE = TO_DATE('2026-01-23'), parameters: None","logger":"airflow.task.hooks.airflow.providers.snowflake.hooks.snowflake.SnowflakeHook","filename":"snowflake.py","lineno":592}
{"timestamp":"2026-01-27T04:06:29.834166Z","level":"info","event":"Running statement: -- Fail if nothing arrived for the given TRADE_DATE\nSELECT COUNT(*) > 0\nFROM RAW.RAW_EOD_PRICES\nWHERE TRADE_DATE = TO_DATE('2026-01-23'), parameters: None","logger":"airflow.task.hooks.airflow.providers.snowflake.hooks.snowflake.SnowflakeHook","filename":"sql.py","lineno":802}
{"timestamp":"2026-01-27T04:06:30.037367Z","level":"info","event":"Rows affected: 1","logger":"airflow.task.hooks.airflow.providers.snowflake.hooks.snowflake.SnowflakeHook","filename":"sql.py","lineno":814}
{"timestamp":"2026-01-27T04:06:30.038058Z","level":"info","event":"Rows affected: 1","logger":"airflow.task.hooks.airflow.providers.snowflake.hooks.snowflake.SnowflakeHook","filename":"snowflake.py","lineno":605}
{"timestamp":"2026-01-27T04:06:30.038131Z","level":"info","event":"Snowflake query id: 01c200f6-3203-ad64-0007-131a00023022","logger":"airflow.task.hooks.airflow.providers.snowflake.hooks.snowflake.SnowflakeHook","filename":"snowflake.py","lineno":606}
{"timestamp":"2026-01-27T04:06:30.242334Z","level":"info","event":"Record: (True,)","logger":"airflow.task.operators.airflow.providers.snowflake.operators.snowflake.SnowflakeCheckOperator","filename":"sql.py","lineno":847}
{"timestamp":"2026-01-27T04:06:30.242572Z","level":"info","event":"Success.","logger":"airflow.task.operators.airflow.providers.snowflake.operators.snowflake.SnowflakeCheckOperator","filename":"sql.py","lineno":855}
{"timestamp":"2026-01-27T04:06:30.273494Z","level":"info","event":"Task instance in success state","logger":"task.stdout"}
{"timestamp":"2026-01-27T04:06:30.273744Z","level":"info","event":" Previous state of the Task instance: TaskInstanceState.RUNNING","logger":"task.stdout"}
{"timestamp":"2026-01-27T04:06:30.274810Z","level":"info","event":"Task operator:<Task(SnowflakeCheckOperator): t04_snowflake_load.s02_check_eod_prices_exist>","logger":"task.stdout"}
