{"timestamp":"2026-01-27T04:06:20.796961Z","level":"info","event":"DAG bundles loaded: dags-folder, example_dags","logger":"airflow.dag_processing.bundles.manager.DagBundlesManager","filename":"manager.py","lineno":179}
{"timestamp":"2026-01-27T04:06:20.797310Z","level":"info","event":"Filling up the DagBag from /opt/airflow/dags/get_securities_data.py","logger":"airflow.models.dagbag.DagBag","filename":"dagbag.py","lineno":593}
{"timestamp":"2026-01-27T04:06:20.908987Z","level":"warning","event":"Skipping masking for a secret as it's too short (<5 chars)","logger":"airflow._shared.secrets_masker.secrets_masker","filename":"secrets_masker.py","lineno":557}
{"timestamp":"2026-01-27T04:06:20.923082Z","level":"info","event":"Task instance is in running state","logger":"task.stdout"}
{"timestamp":"2026-01-27T04:06:20.925066Z","level":"info","event":" Previous state of the Task instance: TaskInstanceState.QUEUED","logger":"task.stdout"}
{"timestamp":"2026-01-27T04:06:20.925133Z","level":"info","event":"Current task name:t01_download_to_csv","logger":"task.stdout"}
{"timestamp":"2026-01-27T04:06:20.925176Z","level":"info","event":"Dag name:polygon_eod_data_downloader_final_v2","logger":"task.stdout"}
{"timestamp":"2026-01-27T04:06:21.088331Z","level":"info","event":"[polygon] https://api.polygon.io/v2/aggs/grouped/locale/us/market/stocks/2026-01-26?adjusted=true&include_otc=false&apiKey=*** -> 403","logger":"lib.eod_data_downloader","filename":"eod_data_downloader.py","lineno":39}
{"timestamp":"2026-01-27T04:06:21.088631Z","level":"info","event":"No data for date: 2026-01-26, trying previous day.","logger":"lib.eod_data_downloader","filename":"eod_data_downloader.py","lineno":66}
{"timestamp":"2026-01-27T04:06:21.209465Z","level":"info","event":"[polygon] https://api.polygon.io/v2/aggs/grouped/locale/us/market/stocks/2026-01-25?adjusted=true&include_otc=false&apiKey=*** -> 200","logger":"lib.eod_data_downloader","filename":"eod_data_downloader.py","lineno":39}
{"timestamp":"2026-01-27T04:06:21.210758Z","level":"info","event":"No data for date: 2026-01-25, trying previous day.","logger":"lib.eod_data_downloader","filename":"eod_data_downloader.py","lineno":66}
{"timestamp":"2026-01-27T04:06:21.330291Z","level":"info","event":"[polygon] https://api.polygon.io/v2/aggs/grouped/locale/us/market/stocks/2026-01-24?adjusted=true&include_otc=false&apiKey=*** -> 200","logger":"lib.eod_data_downloader","filename":"eod_data_downloader.py","lineno":39}
{"timestamp":"2026-01-27T04:06:21.331241Z","level":"info","event":"No data for date: 2026-01-24, trying previous day.","logger":"lib.eod_data_downloader","filename":"eod_data_downloader.py","lineno":66}
{"timestamp":"2026-01-27T04:06:21.718193Z","level":"info","event":"[polygon] https://api.polygon.io/v2/aggs/grouped/locale/us/market/stocks/2026-01-23?adjusted=true&include_otc=false&apiKey=*** -> 200","logger":"lib.eod_data_downloader","filename":"eod_data_downloader.py","lineno":39}
{"timestamp":"2026-01-27T04:06:21.732196Z","level":"info","event":"Found valid trading data for date: 2026-01-23","logger":"lib.eod_data_downloader","filename":"eod_data_downloader.py","lineno":46}
{"timestamp":"2026-01-27T04:06:21.766760Z","level":"info","event":"Downloaded EOD data for trading date: 2026-01-23","logger":"unusual_prefix_4ae4c7da3203160fce55fd1a831bc2fd2ee3f78b_get_securities_data","filename":"get_securities_data.py","lineno":56}
{"timestamp":"2026-01-27T04:06:21.766929Z","level":"info","event":"Done. Returned value was: 2026-01-23","logger":"airflow.task.operators.airflow.providers.standard.operators.python.PythonOperator","filename":"python.py","lineno":216}
{"timestamp":"2026-01-27T04:06:21.767264Z","level":"info","event":"Pushing xcom","ti":"RuntimeTaskInstance(id=UUID('019bfda1-85fb-7bb4-8148-da8a79d1c380'), task_id='t01_download_to_csv', dag_id='polygon_eod_data_downloader_final_v2', run_id='manual__2026-01-27T04:06:18+00:00', try_number=1, dag_version_id=UUID('019bfd9a-04bb-7ea8-81ec-4a0eb0ec4872'), map_index=-1, hostname='fb127cf7fdfa', context_carrier={}, task=<Task(PythonOperator): t01_download_to_csv>, bundle_instance=LocalDagBundle(name=dags-folder), max_tries=3, start_date=datetime.datetime(2026, 1, 27, 4, 6, 20, 613936, tzinfo=datetime.timezone.utc), end_date=None, state=<TaskInstanceState.RUNNING: 'running'>, is_mapped=False, rendered_map_index=None)","logger":"task","filename":"task_runner.py","lineno":1450}
{"timestamp":"2026-01-27T04:06:21.803038Z","level":"info","event":"Task instance in success state","logger":"task.stdout"}
{"timestamp":"2026-01-27T04:06:21.804264Z","level":"info","event":" Previous state of the Task instance: TaskInstanceState.RUNNING","logger":"task.stdout"}
{"timestamp":"2026-01-27T04:06:21.805079Z","level":"info","event":"Task operator:<Task(PythonOperator): t01_download_to_csv>","logger":"task.stdout"}
